<?xml version="1.0" encoding="UTF-8" standalone="no"?>
<!DOCTYPE log SYSTEM "logger.dtd">
<log>
<record>
  <date>2017-05-13T11:02:56</date>
  <millis>1494657176422</millis>
  <sequence>0</sequence>
  <logger>network.Terminal</logger>
  <level>INFO</level>
  <class>logHandling.LogHandler</class>
  <method>writeToLogFile</method>
  <thread>9</thread>
  <message>server created!</message>
</record>
<record>
  <date>2017-05-13T11:02:56</date>
  <millis>1494657176438</millis>
  <sequence>1</sequence>
  <logger>network.Terminal</logger>
  <level>INFO</level>
  <class>logHandling.LogHandler</class>
  <method>writeToLogFile</method>
  <thread>9</thread>
  <message>waiting for terminal!</message>
</record>
<record>
  <date>2017-05-13T11:03:01</date>
  <millis>1494657181741</millis>
  <sequence>2</sequence>
  <logger>network.Terminal</logger>
  <level>INFO</level>
  <class>logHandling.LogHandler</class>
  <method>writeToLogFile</method>
  <thread>9</thread>
  <message>a terminal is connected!</message>
</record>
<record>
  <date>2017-05-13T11:03:01</date>
  <millis>1494657181797</millis>
  <sequence>3</sequence>
  <logger>network.Terminal</logger>
  <level>INFO</level>
  <class>logHandling.LogHandler</class>
  <method>writeToLogFile</method>
  <thread>9</thread>
  <message>send result to terminal</message>
</record>
<record>
  <date>2017-05-13T11:03:01</date>
  <millis>1494657181799</millis>
  <sequence>4</sequence>
  <logger>network.Terminal</logger>
  <level>INFO</level>
  <class>logHandling.LogHandler</class>
  <method>writeToLogFile</method>
  <thread>9</thread>
  <message>waiting for terminal!</message>
</record>
<record>
  <date>2017-05-13T11:03:04</date>
  <millis>1494657184366</millis>
  <sequence>5</sequence>
  <logger>network.Terminal</logger>
  <level>INFO</level>
  <class>logHandling.LogHandler</class>
  <method>writeToLogFile</method>
  <thread>9</thread>
  <message>a terminal is connected!</message>
</record>
<record>
  <date>2017-05-13T11:03:04</date>
  <millis>1494657184374</millis>
  <sequence>6</sequence>
  <logger>network.Terminal</logger>
  <level>INFO</level>
  <class>logHandling.LogHandler</class>
  <method>writeToLogFile</method>
  <thread>9</thread>
  <message>successful</message>
</record>
<record>
  <date>2017-05-13T11:03:04</date>
  <millis>1494657184380</millis>
  <sequence>7</sequence>
  <logger>network.Terminal</logger>
  <level>INFO</level>
  <class>logHandling.LogHandler</class>
  <method>writeToLogFile</method>
  <thread>9</thread>
  <message>send result to terminal</message>
</record>
<record>
  <date>2017-05-13T11:03:04</date>
  <millis>1494657184386</millis>
  <sequence>8</sequence>
  <logger>network.Terminal</logger>
  <level>INFO</level>
  <class>logHandling.LogHandler</class>
  <method>writeToLogFile</method>
  <thread>9</thread>
  <message>waiting for terminal!</message>
</record>
